Detecting C [-std=c11] compiler features failed to compile with the following output:
Change Dir: /home/racso/Project#2/Server-Client/cmake-build-debug/CMakeFiles/CMakeTmp

Run Build Command:"/usr/bin/make" "cmTC_9f251/fast"
/usr/bin/make -f CMakeFiles/cmTC_9f251.dir/build.make CMakeFiles/cmTC_9f251.dir/build
make[1]: se entra en el directorio '/home/racso/Project#2/Server-Client/cmake-build-debug/CMakeFiles/CMakeTmp'
make[1]: *** No hay ninguna regla para construir el objetivo '/home/racso/Project', necesario para 'CMakeFiles/cmTC_9f251.dir/feature_tests.c.o'.  Alto.
make[1]: se sale del directorio '/home/racso/Project#2/Server-Client/cmake-build-debug/CMakeFiles/CMakeTmp'
Makefile:126: fallo en las instrucciones para el objetivo 'cmTC_9f251/fast'
make: *** [cmTC_9f251/fast] Error 2



Detecting CXX [-std=c++1z] compiler features failed to compile with the following output:
Change Dir: /home/racso/Project#2/Server-Client/cmake-build-debug/CMakeFiles/CMakeTmp

Run Build Command:"/usr/bin/make" "cmTC_a4200/fast"
/usr/bin/make -f CMakeFiles/cmTC_a4200.dir/build.make CMakeFiles/cmTC_a4200.dir/build
make[1]: se entra en el directorio '/home/racso/Project#2/Server-Client/cmake-build-debug/CMakeFiles/CMakeTmp'
make[1]: *** No hay ninguna regla para construir el objetivo '/home/racso/Project', necesario para 'CMakeFiles/cmTC_a4200.dir/feature_tests.cxx.o'.  Alto.
make[1]: se sale del directorio '/home/racso/Project#2/Server-Client/cmake-build-debug/CMakeFiles/CMakeTmp'
Makefile:126: fallo en las instrucciones para el objetivo 'cmTC_a4200/fast'
make: *** [cmTC_a4200/fast] Error 2



